2016-12-14 14:08:52,199 - Log4JLogChute initialized using file 'velocity.log'
2016-12-14 14:08:52,200 - Initializing Velocity, Calling init()...
2016-12-14 14:08:52,200 - Starting Apache Velocity v1.7 (compiled: 2010-11-19 12:14:37)
2016-12-14 14:08:52,200 - Default Properties File: org\apache\velocity\runtime\defaults\velocity.properties
2016-12-14 14:08:52,200 - Trying to use logger class org.apache.velocity.runtime.log.AvalonLogChute
2016-12-14 14:08:52,200 - Target log system for org.apache.velocity.runtime.log.AvalonLogChute is not available (java.lang.NoClassDefFoundError: org/apache/log/format/Formatter).  Falling back to next log system...
2016-12-14 14:08:52,200 - Trying to use logger class org.apache.velocity.runtime.log.Log4JLogChute
2016-12-14 14:08:52,200 - Using logger class org.apache.velocity.runtime.log.Log4JLogChute
2016-12-14 14:08:52,204 - ResourceLoader instantiated: org.apache.velocity.runtime.resource.loader.ClasspathResourceLoader
2016-12-14 14:08:52,293 - ResourceCache: initialized (class org.apache.velocity.runtime.resource.ResourceCacheImpl) with class java.util.Collections$SynchronizedMap cache map.
2016-12-14 14:08:52,295 - Loaded System Directive: org.apache.velocity.runtime.directive.Stop
2016-12-14 14:08:52,296 - Loaded System Directive: org.apache.velocity.runtime.directive.Define
2016-12-14 14:08:52,296 - Loaded System Directive: org.apache.velocity.runtime.directive.Break
2016-12-14 14:08:52,297 - Loaded System Directive: org.apache.velocity.runtime.directive.Evaluate
2016-12-14 14:08:52,298 - Loaded System Directive: org.apache.velocity.runtime.directive.Literal
2016-12-14 14:08:52,299 - Loaded System Directive: org.apache.velocity.runtime.directive.Macro
2016-12-14 14:08:52,304 - Loaded System Directive: org.apache.velocity.runtime.directive.Parse
2016-12-14 14:08:52,307 - Loaded System Directive: org.apache.velocity.runtime.directive.Include
2016-12-14 14:08:52,308 - Loaded System Directive: org.apache.velocity.runtime.directive.Foreach
2016-12-14 14:08:52,370 - Created '20' parsers.
2016-12-14 14:08:52,376 - Velocimacro : "velocimacro.library" is not set.  Trying default library: VM_global_library.vm
2016-12-14 14:08:52,377 - Could not load resource 'VM_global_library.vm' from ResourceLoader org.apache.velocity.runtime.resource.loader.ClasspathResourceLoader: ClasspathResourceLoader Error: cannot find resource VM_global_library.vm
2016-12-14 14:08:52,377 - Velocimacro : Default library not found.
2016-12-14 14:08:52,377 - Velocimacro : allowInline = true : VMs can be defined inline in templates
2016-12-14 14:08:52,377 - Velocimacro : allowInlineToOverride = false : VMs defined inline may NOT replace previous VM definitions
2016-12-14 14:08:52,377 - Velocimacro : allowInlineLocal = false : VMs defined inline will be global in scope if allowed.
2016-12-14 14:08:52,377 - Velocimacro : autoload off : VM system will not automatically reload global library macros
2016-12-14 14:08:52,402 - ResourceManager : found /template/entity.java.vm with loader org.apache.velocity.runtime.resource.loader.ClasspathResourceLoader
2016-12-14 14:08:52,425 - ResourceManager : found /template/mapper.java.vm with loader org.apache.velocity.runtime.resource.loader.ClasspathResourceLoader
2016-12-14 14:08:52,444 - ResourceManager : found /template/mapper.xml.vm with loader org.apache.velocity.runtime.resource.loader.ClasspathResourceLoader
2016-12-14 14:08:52,449 - ResourceManager : found /template/service.java.vm with loader org.apache.velocity.runtime.resource.loader.ClasspathResourceLoader
2016-12-14 14:08:52,452 - ResourceManager : found /template/serviceImpl.java.vm with loader org.apache.velocity.runtime.resource.loader.ClasspathResourceLoader
2016-12-14 14:08:52,455 - ResourceManager : found /template/controller.java.vm with loader org.apache.velocity.runtime.resource.loader.ClasspathResourceLoader
2016-12-14 14:08:52,462 - ResourceManager : found /template/entity.java.vm with loader org.apache.velocity.runtime.resource.loader.ClasspathResourceLoader
2016-12-14 14:08:52,469 - ResourceManager : found /template/mapper.java.vm with loader org.apache.velocity.runtime.resource.loader.ClasspathResourceLoader
2016-12-14 14:08:52,472 - ResourceManager : found /template/mapper.xml.vm with loader org.apache.velocity.runtime.resource.loader.ClasspathResourceLoader
2016-12-14 14:08:52,476 - ResourceManager : found /template/service.java.vm with loader org.apache.velocity.runtime.resource.loader.ClasspathResourceLoader
2016-12-14 14:08:52,489 - ResourceManager : found /template/serviceImpl.java.vm with loader org.apache.velocity.runtime.resource.loader.ClasspathResourceLoader
2016-12-14 14:08:52,492 - ResourceManager : found /template/controller.java.vm with loader org.apache.velocity.runtime.resource.loader.ClasspathResourceLoader
2016-12-14 14:08:52,499 - ResourceManager : found /template/entity.java.vm with loader org.apache.velocity.runtime.resource.loader.ClasspathResourceLoader
2016-12-14 14:08:52,504 - ResourceManager : found /template/mapper.java.vm with loader org.apache.velocity.runtime.resource.loader.ClasspathResourceLoader
2016-12-14 14:08:52,532 - ResourceManager : found /template/mapper.xml.vm with loader org.apache.velocity.runtime.resource.loader.ClasspathResourceLoader
2016-12-14 14:08:52,538 - ResourceManager : found /template/service.java.vm with loader org.apache.velocity.runtime.resource.loader.ClasspathResourceLoader
2016-12-14 14:08:52,542 - ResourceManager : found /template/serviceImpl.java.vm with loader org.apache.velocity.runtime.resource.loader.ClasspathResourceLoader
2016-12-14 14:08:52,545 - ResourceManager : found /template/controller.java.vm with loader org.apache.velocity.runtime.resource.loader.ClasspathResourceLoader
2016-12-14 14:08:52,551 - ResourceManager : found /template/entity.java.vm with loader org.apache.velocity.runtime.resource.loader.ClasspathResourceLoader
2016-12-14 14:08:52,558 - ResourceManager : found /template/mapper.java.vm with loader org.apache.velocity.runtime.resource.loader.ClasspathResourceLoader
2016-12-14 14:08:52,561 - ResourceManager : found /template/mapper.xml.vm with loader org.apache.velocity.runtime.resource.loader.ClasspathResourceLoader
2016-12-14 14:08:52,564 - ResourceManager : found /template/service.java.vm with loader org.apache.velocity.runtime.resource.loader.ClasspathResourceLoader
2016-12-14 14:08:52,569 - ResourceManager : found /template/serviceImpl.java.vm with loader org.apache.velocity.runtime.resource.loader.ClasspathResourceLoader
2016-12-14 14:08:52,573 - ResourceManager : found /template/controller.java.vm with loader org.apache.velocity.runtime.resource.loader.ClasspathResourceLoader
2016-12-14 14:08:52,578 - ResourceManager : found /template/entity.java.vm with loader org.apache.velocity.runtime.resource.loader.ClasspathResourceLoader
2016-12-14 14:08:52,583 - ResourceManager : found /template/mapper.java.vm with loader org.apache.velocity.runtime.resource.loader.ClasspathResourceLoader
2016-12-14 14:08:52,586 - ResourceManager : found /template/mapper.xml.vm with loader org.apache.velocity.runtime.resource.loader.ClasspathResourceLoader
2016-12-14 14:08:52,589 - ResourceManager : found /template/service.java.vm with loader org.apache.velocity.runtime.resource.loader.ClasspathResourceLoader
2016-12-14 14:08:52,593 - ResourceManager : found /template/serviceImpl.java.vm with loader org.apache.velocity.runtime.resource.loader.ClasspathResourceLoader
2016-12-14 14:08:52,610 - ResourceManager : found /template/controller.java.vm with loader org.apache.velocity.runtime.resource.loader.ClasspathResourceLoader
2016-12-14 14:08:52,623 - ResourceManager : found /template/entity.java.vm with loader org.apache.velocity.runtime.resource.loader.ClasspathResourceLoader
2016-12-14 14:08:52,627 - ResourceManager : found /template/mapper.java.vm with loader org.apache.velocity.runtime.resource.loader.ClasspathResourceLoader
2016-12-14 14:08:52,631 - ResourceManager : found /template/mapper.xml.vm with loader org.apache.velocity.runtime.resource.loader.ClasspathResourceLoader
2016-12-14 14:08:52,633 - ResourceManager : found /template/service.java.vm with loader org.apache.velocity.runtime.resource.loader.ClasspathResourceLoader
2016-12-14 14:08:52,643 - ResourceManager : found /template/serviceImpl.java.vm with loader org.apache.velocity.runtime.resource.loader.ClasspathResourceLoader
2016-12-14 14:08:52,671 - ResourceManager : found /template/controller.java.vm with loader org.apache.velocity.runtime.resource.loader.ClasspathResourceLoader
2016-12-14 14:08:52,695 - ResourceManager : found /template/entity.java.vm with loader org.apache.velocity.runtime.resource.loader.ClasspathResourceLoader
2016-12-14 14:08:52,700 - ResourceManager : found /template/mapper.java.vm with loader org.apache.velocity.runtime.resource.loader.ClasspathResourceLoader
2016-12-14 14:08:52,704 - ResourceManager : found /template/mapper.xml.vm with loader org.apache.velocity.runtime.resource.loader.ClasspathResourceLoader
2016-12-14 14:08:52,709 - ResourceManager : found /template/service.java.vm with loader org.apache.velocity.runtime.resource.loader.ClasspathResourceLoader
2016-12-14 14:08:52,712 - ResourceManager : found /template/serviceImpl.java.vm with loader org.apache.velocity.runtime.resource.loader.ClasspathResourceLoader
2016-12-14 14:08:52,716 - ResourceManager : found /template/controller.java.vm with loader org.apache.velocity.runtime.resource.loader.ClasspathResourceLoader
2016-12-14 19:17:31,553 - Log4JLogChute initialized using file 'velocity.log'
2016-12-14 19:17:31,577 - Initializing Velocity, Calling init()...
2016-12-14 19:17:31,577 - Starting Apache Velocity v1.7 (compiled: 2010-11-19 12:14:37)
2016-12-14 19:17:31,577 - Default Properties File: org\apache\velocity\runtime\defaults\velocity.properties
2016-12-14 19:17:31,577 - Trying to use logger class org.apache.velocity.runtime.log.AvalonLogChute
2016-12-14 19:17:31,577 - Target log system for org.apache.velocity.runtime.log.AvalonLogChute is not available (java.lang.NoClassDefFoundError: org/apache/log/format/Formatter).  Falling back to next log system...
2016-12-14 19:17:31,577 - Trying to use logger class org.apache.velocity.runtime.log.Log4JLogChute
2016-12-14 19:17:31,579 - Using logger class org.apache.velocity.runtime.log.Log4JLogChute
2016-12-14 19:17:31,583 - ResourceLoader instantiated: org.apache.velocity.runtime.resource.loader.ClasspathResourceLoader
2016-12-14 19:17:31,680 - ResourceCache: initialized (class org.apache.velocity.runtime.resource.ResourceCacheImpl) with class java.util.Collections$SynchronizedMap cache map.
2016-12-14 19:17:31,683 - Loaded System Directive: org.apache.velocity.runtime.directive.Stop
2016-12-14 19:17:31,684 - Loaded System Directive: org.apache.velocity.runtime.directive.Define
2016-12-14 19:17:31,685 - Loaded System Directive: org.apache.velocity.runtime.directive.Break
2016-12-14 19:17:31,686 - Loaded System Directive: org.apache.velocity.runtime.directive.Evaluate
2016-12-14 19:17:31,698 - Loaded System Directive: org.apache.velocity.runtime.directive.Literal
2016-12-14 19:17:31,700 - Loaded System Directive: org.apache.velocity.runtime.directive.Macro
2016-12-14 19:17:31,709 - Loaded System Directive: org.apache.velocity.runtime.directive.Parse
2016-12-14 19:17:31,711 - Loaded System Directive: org.apache.velocity.runtime.directive.Include
2016-12-14 19:17:31,713 - Loaded System Directive: org.apache.velocity.runtime.directive.Foreach
2016-12-14 19:17:31,778 - Created '20' parsers.
2016-12-14 19:17:31,785 - Velocimacro : "velocimacro.library" is not set.  Trying default library: VM_global_library.vm
2016-12-14 19:17:31,786 - Could not load resource 'VM_global_library.vm' from ResourceLoader org.apache.velocity.runtime.resource.loader.ClasspathResourceLoader: ClasspathResourceLoader Error: cannot find resource VM_global_library.vm
2016-12-14 19:17:31,786 - Velocimacro : Default library not found.
2016-12-14 19:17:31,786 - Velocimacro : allowInline = true : VMs can be defined inline in templates
2016-12-14 19:17:31,786 - Velocimacro : allowInlineToOverride = false : VMs defined inline may NOT replace previous VM definitions
2016-12-14 19:17:31,786 - Velocimacro : allowInlineLocal = false : VMs defined inline will be global in scope if allowed.
2016-12-14 19:17:31,786 - Velocimacro : autoload off : VM system will not automatically reload global library macros
2016-12-14 19:17:31,816 - ResourceManager : found /template/entity.java.vm with loader org.apache.velocity.runtime.resource.loader.ClasspathResourceLoader
2016-12-14 19:17:31,841 - ResourceManager : found /template/mapper.java.vm with loader org.apache.velocity.runtime.resource.loader.ClasspathResourceLoader
2016-12-14 19:17:31,844 - ResourceManager : found /template/mapper.xml.vm with loader org.apache.velocity.runtime.resource.loader.ClasspathResourceLoader
2016-12-14 19:17:31,857 - ResourceManager : found /template/service.java.vm with loader org.apache.velocity.runtime.resource.loader.ClasspathResourceLoader
2016-12-14 19:17:31,860 - ResourceManager : found /template/serviceImpl.java.vm with loader org.apache.velocity.runtime.resource.loader.ClasspathResourceLoader
2016-12-14 19:17:31,871 - ResourceManager : found /template/controller.java.vm with loader org.apache.velocity.runtime.resource.loader.ClasspathResourceLoader
2016-12-14 19:17:31,883 - ResourceManager : found /template/entity.java.vm with loader org.apache.velocity.runtime.resource.loader.ClasspathResourceLoader
2016-12-14 19:17:31,888 - ResourceManager : found /template/mapper.java.vm with loader org.apache.velocity.runtime.resource.loader.ClasspathResourceLoader
2016-12-14 19:17:31,891 - ResourceManager : found /template/mapper.xml.vm with loader org.apache.velocity.runtime.resource.loader.ClasspathResourceLoader
2016-12-14 19:17:31,894 - ResourceManager : found /template/service.java.vm with loader org.apache.velocity.runtime.resource.loader.ClasspathResourceLoader
2016-12-14 19:17:31,897 - ResourceManager : found /template/serviceImpl.java.vm with loader org.apache.velocity.runtime.resource.loader.ClasspathResourceLoader
2016-12-14 19:17:31,900 - ResourceManager : found /template/controller.java.vm with loader org.apache.velocity.runtime.resource.loader.ClasspathResourceLoader
2016-12-14 19:17:31,906 - ResourceManager : found /template/entity.java.vm with loader org.apache.velocity.runtime.resource.loader.ClasspathResourceLoader
2016-12-14 19:17:31,910 - ResourceManager : found /template/mapper.java.vm with loader org.apache.velocity.runtime.resource.loader.ClasspathResourceLoader
2016-12-14 19:17:31,914 - ResourceManager : found /template/mapper.xml.vm with loader org.apache.velocity.runtime.resource.loader.ClasspathResourceLoader
2016-12-14 19:17:31,919 - ResourceManager : found /template/service.java.vm with loader org.apache.velocity.runtime.resource.loader.ClasspathResourceLoader
2016-12-14 19:17:31,922 - ResourceManager : found /template/serviceImpl.java.vm with loader org.apache.velocity.runtime.resource.loader.ClasspathResourceLoader
2016-12-14 19:17:31,925 - ResourceManager : found /template/controller.java.vm with loader org.apache.velocity.runtime.resource.loader.ClasspathResourceLoader
2016-12-14 19:17:31,932 - ResourceManager : found /template/entity.java.vm with loader org.apache.velocity.runtime.resource.loader.ClasspathResourceLoader
2016-12-14 19:17:31,940 - ResourceManager : found /template/mapper.java.vm with loader org.apache.velocity.runtime.resource.loader.ClasspathResourceLoader
2016-12-14 19:17:31,944 - ResourceManager : found /template/mapper.xml.vm with loader org.apache.velocity.runtime.resource.loader.ClasspathResourceLoader
2016-12-14 19:17:31,947 - ResourceManager : found /template/service.java.vm with loader org.apache.velocity.runtime.resource.loader.ClasspathResourceLoader
2016-12-14 19:17:31,950 - ResourceManager : found /template/serviceImpl.java.vm with loader org.apache.velocity.runtime.resource.loader.ClasspathResourceLoader
2016-12-14 19:17:31,962 - ResourceManager : found /template/controller.java.vm with loader org.apache.velocity.runtime.resource.loader.ClasspathResourceLoader
